0 info it worked if it ends with ok
1 verbose cli [ '/Users/cirocosta/n/bin/node',
1 verbose cli   '/Users/cirocosta/n/bin/npm',
1 verbose cli   'start' ]
2 info using npm@3.10.5
3 info using node@v6.3.1
4 verbose run-script [ 'prestart', 'start', 'poststart' ]
5 info lifecycle wedeploy-hosting@1.0.0~prestart: wedeploy-hosting@1.0.0
6 silly lifecycle wedeploy-hosting@1.0.0~prestart: no script for prestart, continuing
7 info lifecycle wedeploy-hosting@1.0.0~start: wedeploy-hosting@1.0.0
8 verbose lifecycle wedeploy-hosting@1.0.0~start: unsafe-perm in lifecycle true
9 verbose lifecycle wedeploy-hosting@1.0.0~start: PATH: /Users/cirocosta/n/lib/node_modules/npm/bin/node-gyp-bin:/private/tmp/liferay-ferias/wedeploy-hosting/node_modules/.bin:/Users/cirocosta/n/bin:/Library/Java/JavaVirtualMachines/jdk1.8.0_66.jdk/Contents/Home/bin:/Users/cirocosta/Development/go/bin:/usr/local/opt/go/libexec/bin:/Users/cirocosta/bin:/usr/local/bin:/usr/bin:/bin:/usr/sbin:/sbin:/opt/X11/bin:/Library/TeX/texbin:/Users/cirocosta/n/bin
10 verbose lifecycle wedeploy-hosting@1.0.0~start: CWD: /private/tmp/liferay-ferias/wedeploy-hosting
11 silly lifecycle wedeploy-hosting@1.0.0~start: Args: [ '-c', 'http-server' ]
12 silly lifecycle wedeploy-hosting@1.0.0~start: Returned: code: 1  signal: null
13 info lifecycle wedeploy-hosting@1.0.0~start: Failed to exec start script
14 verbose stack Error: wedeploy-hosting@1.0.0 start: `http-server`
14 verbose stack Exit status 1
14 verbose stack     at EventEmitter.<anonymous> (/Users/cirocosta/n/lib/node_modules/npm/lib/utils/lifecycle.js:242:16)
14 verbose stack     at emitTwo (events.js:106:13)
14 verbose stack     at EventEmitter.emit (events.js:191:7)
14 verbose stack     at ChildProcess.<anonymous> (/Users/cirocosta/n/lib/node_modules/npm/lib/utils/spawn.js:40:14)
14 verbose stack     at emitTwo (events.js:106:13)
14 verbose stack     at ChildProcess.emit (events.js:191:7)
14 verbose stack     at maybeClose (internal/child_process.js:852:16)
14 verbose stack     at Process.ChildProcess._handle.onexit (internal/child_process.js:215:5)
15 verbose pkgid wedeploy-hosting@1.0.0
16 verbose cwd /private/tmp/liferay-ferias/wedeploy-hosting
17 error Darwin 15.5.0
18 error argv "/Users/cirocosta/n/bin/node" "/Users/cirocosta/n/bin/npm" "start"
19 error node v6.3.1
20 error npm  v3.10.5
21 error code ELIFECYCLE
22 error wedeploy-hosting@1.0.0 start: `http-server`
22 error Exit status 1
23 error Failed at the wedeploy-hosting@1.0.0 start script 'http-server'.
23 error Make sure you have the latest version of node.js and npm installed.
23 error If you do, this is most likely a problem with the wedeploy-hosting package,
23 error not with npm itself.
23 error Tell the author that this fails on your system:
23 error     http-server
23 error You can get information on how to open an issue for this project with:
23 error     npm bugs wedeploy-hosting
23 error Or if that isn't available, you can get their info via:
23 error     npm owner ls wedeploy-hosting
23 error There is likely additional logging output above.
24 verbose exit [ 1, true ]
